  [1m[36m (29.5ms)[0m  [1mCREATE TABLE "schema_migrations" ("version" character varying NOT NULL) [0m
  [1m[35m (7.2ms)[0m  CREATE UNIQUE INDEX  "unique_schema_migrations" ON "schema_migrations"  ("version")
  [1m[36mActiveRecord::SchemaMigration Load (2.5ms)[0m  [1mSELECT "schema_migrations".* FROM "schema_migrations"[0m


Started GET "/" for ::1 at 2015-12-14 09:38:23 -0700
Processing by Rails::WelcomeController#index as HTML
  Rendered /Users/sekharpaladugu/.gem/ruby/2.2.2/gems/railties-4.2.4/lib/rails/templates/rails/welcome/index.html.erb (5.4ms)
Completed 200 OK in 58ms (Views: 57.7ms | ActiveRecord: 0.0ms)


Started GET "/" for ::1 at 2015-12-14 09:45:04 -0700
Processing by WelcomeController#index as HTML
  Rendered welcome/index.html.erb within layouts/application (1.2ms)
Completed 200 OK in 492ms (Views: 491.2ms | ActiveRecord: 0.0ms)


Started GET "/assets/jquery.self-a714331225dda820228db323939889f149aec0127aeb06255646b616ba1ca419.js?body=1" for ::1 at 2015-12-14 09:45:05 -0700


Started GET "/assets/application.self-e80e8f2318043e8af94dddc2adad5a4f09739a8ebb323b3ab31cd71d45fd9113.css?body=1" for ::1 at 2015-12-14 09:45:05 -0700


Started GET "/assets/jquery_ujs.self-d456baa54c1fa6be2ec3711f0a72ddf7a5b2f34a6b4f515f33767d6207b7d4b3.js?body=1" for ::1 at 2015-12-14 09:45:05 -0700


Started GET "/assets/application.self-377610cd7c1509e934744c810e3b4cf672dfbcacac3274e7d039827e2ae0fcc7.js?body=1" for ::1 at 2015-12-14 09:45:05 -0700


Started GET "/auth/twitter" for ::1 at 2015-12-14 09:45:07 -0700


Started GET "/auth/twitter/callback?oauth_token=FwjRUwAAAAAAjOxsAAABUaFhlws&oauth_verifier=aBL6LNbYzq1fvXQU3PweiEdgH0wP7BXd" for ::1 at 2015-12-14 09:45:38 -0700

ActionController::RoutingError (No route matches [GET] "/auth/twitter/callback"):
  actionpack (4.2.4) lib/action_dispatch/middleware/debug_exceptions.rb:21:in `call'
  web-console (2.2.1) lib/web_console/middleware.rb:39:in `call'
  actionpack (4.2.4) lib/action_dispatch/middleware/show_exceptions.rb:30:in `call'
  railties (4.2.4) lib/rails/rack/logger.rb:38:in `call_app'
  railties (4.2.4) lib/rails/rack/logger.rb:20:in `block in call'
  activesupport (4.2.4) lib/active_support/tagged_logging.rb:68:in `block in tagged'
  activesupport (4.2.4) lib/active_support/tagged_logging.rb:26:in `tagged'
  activesupport (4.2.4) lib/active_support/tagged_logging.rb:68:in `tagged'
  railties (4.2.4) lib/rails/rack/logger.rb:20:in `call'
  actionpack (4.2.4) lib/action_dispatch/middleware/request_id.rb:21:in `call'
  rack (1.6.4) lib/rack/methodoverride.rb:22:in `call'
  rack (1.6.4) lib/rack/runtime.rb:18:in `call'
  activesupport (4.2.4) lib/active_support/cache/strategy/local_cache_middleware.rb:28:in `call'
  rack (1.6.4) lib/rack/lock.rb:17:in `call'
  actionpack (4.2.4) lib/action_dispatch/middleware/static.rb:116:in `call'
  rack (1.6.4) lib/rack/sendfile.rb:113:in `call'
  railties (4.2.4) lib/rails/engine.rb:518:in `call'
  railties (4.2.4) lib/rails/application.rb:165:in `call'
  rack (1.6.4) lib/rack/lock.rb:17:in `call'
  rack (1.6.4) lib/rack/content_length.rb:15:in `call'
  rack (1.6.4) lib/rack/handler/webrick.rb:88:in `service'
  /Users/sekharpaladugu/.rubies/ruby-2.2.2/lib/ruby/2.2.0/webrick/httpserver.rb:138:in `service'
  /Users/sekharpaladugu/.rubies/ruby-2.2.2/lib/ruby/2.2.0/webrick/httpserver.rb:94:in `run'
  /Users/sekharpaladugu/.rubies/ruby-2.2.2/lib/ruby/2.2.0/webrick/server.rb:294:in `block in start_thread'


  Rendered /Users/sekharpaladugu/.gem/ruby/2.2.2/gems/actionpack-4.2.4/lib/action_dispatch/middleware/templates/rescues/_trace.html.erb (11.7ms)
  Rendered /Users/sekharpaladugu/.gem/ruby/2.2.2/gems/actionpack-4.2.4/lib/action_dispatch/middleware/templates/routes/_route.html.erb (1.5ms)
  Rendered /Users/sekharpaladugu/.gem/ruby/2.2.2/gems/actionpack-4.2.4/lib/action_dispatch/middleware/templates/routes/_table.html.erb (42.0ms)
  Rendered /Users/sekharpaladugu/.gem/ruby/2.2.2/gems/actionpack-4.2.4/lib/action_dispatch/middleware/templates/rescues/_request_and_response.html.erb (2.3ms)
  Rendered /Users/sekharpaladugu/.gem/ruby/2.2.2/gems/actionpack-4.2.4/lib/action_dispatch/middleware/templates/rescues/routing_error.html.erb within rescues/layout (208.4ms)
  Rendered /Users/sekharpaladugu/.gem/ruby/2.2.2/gems/web-console-2.2.1/lib/web_console/templates/_markup.html.erb (0.9ms)
  Rendered /Users/sekharpaladugu/.gem/ruby/2.2.2/gems/web-console-2.2.1/lib/web_console/templates/_inner_console_markup.html.erb within layouts/inlined_string (1.0ms)
  Rendered /Users/sekharpaladugu/.gem/ruby/2.2.2/gems/web-console-2.2.1/lib/web_console/templates/_prompt_box_markup.html.erb within layouts/inlined_string (0.5ms)
  Rendered /Users/sekharpaladugu/.gem/ruby/2.2.2/gems/web-console-2.2.1/lib/web_console/templates/style.css.erb within layouts/inlined_string (0.4ms)
  Rendered /Users/sekharpaladugu/.gem/ruby/2.2.2/gems/web-console-2.2.1/lib/web_console/templates/console.js.erb within layouts/javascript (68.6ms)
  Rendered /Users/sekharpaladugu/.gem/ruby/2.2.2/gems/web-console-2.2.1/lib/web_console/templates/main.js.erb within layouts/javascript (0.4ms)
  Rendered /Users/sekharpaladugu/.gem/ruby/2.2.2/gems/web-console-2.2.1/lib/web_console/templates/error_page.js.erb within layouts/javascript (0.7ms)
  Rendered /Users/sekharpaladugu/.gem/ruby/2.2.2/gems/web-console-2.2.1/lib/web_console/templates/index.html.erb (181.3ms)


Started GET "/auth/twitter/callback?oauth_token=FwjRUwAAAAAAjOxsAAABUaFhlws&oauth_verifier=aBL6LNbYzq1fvXQU3PweiEdgH0wP7BXd" for ::1 at 2015-12-14 09:50:46 -0700

OAuth::Unauthorized (401 Authorization Required):
  oauth (0.4.7) lib/oauth/consumer.rb:216:in `token_request'
  oauth (0.4.7) lib/oauth/tokens/request_token.rb:18:in `get_access_token'
  omniauth-oauth (1.1.0) lib/omniauth/strategies/oauth.rb:56:in `callback_phase'
  omniauth (1.2.2) lib/omniauth/strategy.rb:227:in `callback_call'
  omniauth (1.2.2) lib/omniauth/strategy.rb:184:in `call!'
  omniauth (1.2.2) lib/omniauth/strategy.rb:164:in `call'
  omniauth (1.2.2) lib/omniauth/builder.rb:59:in `call'
  rack (1.6.4) lib/rack/etag.rb:24:in `call'
  rack (1.6.4) lib/rack/conditionalget.rb:25:in `call'
  rack (1.6.4) lib/rack/head.rb:13:in `call'
  actionpack (4.2.4) lib/action_dispatch/middleware/params_parser.rb:27:in `call'
  actionpack (4.2.4) lib/action_dispatch/middleware/flash.rb:260:in `call'
  rack (1.6.4) lib/rack/session/abstract/id.rb:225:in `context'
  rack (1.6.4) lib/rack/session/abstract/id.rb:220:in `call'
  actionpack (4.2.4) lib/action_dispatch/middleware/cookies.rb:560:in `call'
  activerecord (4.2.4) lib/active_record/query_cache.rb:36:in `call'
  activerecord (4.2.4) lib/active_record/connection_adapters/abstract/connection_pool.rb:653:in `call'
  activerecord (4.2.4) lib/active_record/migration.rb:377:in `call'
  actionpack (4.2.4) lib/action_dispatch/middleware/callbacks.rb:29:in `block in call'
  activesupport (4.2.4) lib/active_support/callbacks.rb:88:in `__run_callbacks__'
  activesupport (4.2.4) lib/active_support/callbacks.rb:778:in `_run_call_callbacks'
  activesupport (4.2.4) lib/active_support/callbacks.rb:81:in `run_callbacks'
  actionpack (4.2.4) lib/action_dispatch/middleware/callbacks.rb:27:in `call'
  actionpack (4.2.4) lib/action_dispatch/middleware/reloader.rb:73:in `call'
  actionpack (4.2.4) lib/action_dispatch/middleware/remote_ip.rb:78:in `call'
  actionpack (4.2.4) lib/action_dispatch/middleware/debug_exceptions.rb:17:in `call'
  web-console (2.2.1) lib/web_console/middleware.rb:39:in `call'
  actionpack (4.2.4) lib/action_dispatch/middleware/show_exceptions.rb:30:in `call'
  railties (4.2.4) lib/rails/rack/logger.rb:38:in `call_app'
  railties (4.2.4) lib/rails/rack/logger.rb:20:in `block in call'
  activesupport (4.2.4) lib/active_support/tagged_logging.rb:68:in `block in tagged'
  activesupport (4.2.4) lib/active_support/tagged_logging.rb:26:in `tagged'
  activesupport (4.2.4) lib/active_support/tagged_logging.rb:68:in `tagged'
  railties (4.2.4) lib/rails/rack/logger.rb:20:in `call'
  actionpack (4.2.4) lib/action_dispatch/middleware/request_id.rb:21:in `call'
  rack (1.6.4) lib/rack/methodoverride.rb:22:in `call'
  rack (1.6.4) lib/rack/runtime.rb:18:in `call'
  activesupport (4.2.4) lib/active_support/cache/strategy/local_cache_middleware.rb:28:in `call'
  rack (1.6.4) lib/rack/lock.rb:17:in `call'
  actionpack (4.2.4) lib/action_dispatch/middleware/static.rb:116:in `call'
  rack (1.6.4) lib/rack/sendfile.rb:113:in `call'
  railties (4.2.4) lib/rails/engine.rb:518:in `call'
  railties (4.2.4) lib/rails/application.rb:165:in `call'
  rack (1.6.4) lib/rack/lock.rb:17:in `call'
  rack (1.6.4) lib/rack/content_length.rb:15:in `call'
  rack (1.6.4) lib/rack/handler/webrick.rb:88:in `service'
  /Users/sekharpaladugu/.rubies/ruby-2.2.2/lib/ruby/2.2.0/webrick/httpserver.rb:138:in `service'
  /Users/sekharpaladugu/.rubies/ruby-2.2.2/lib/ruby/2.2.0/webrick/httpserver.rb:94:in `run'
  /Users/sekharpaladugu/.rubies/ruby-2.2.2/lib/ruby/2.2.0/webrick/server.rb:294:in `block in start_thread'


  Rendered /Users/sekharpaladugu/.gem/ruby/2.2.2/gems/actionpack-4.2.4/lib/action_dispatch/middleware/templates/rescues/_source.erb (5.9ms)
  Rendered /Users/sekharpaladugu/.gem/ruby/2.2.2/gems/actionpack-4.2.4/lib/action_dispatch/middleware/templates/rescues/_trace.html.erb (4.0ms)
  Rendered /Users/sekharpaladugu/.gem/ruby/2.2.2/gems/actionpack-4.2.4/lib/action_dispatch/middleware/templates/rescues/_request_and_response.html.erb (1.3ms)
  Rendered /Users/sekharpaladugu/.gem/ruby/2.2.2/gems/actionpack-4.2.4/lib/action_dispatch/middleware/templates/rescues/diagnostics.html.erb within rescues/layout (70.6ms)
  Rendered /Users/sekharpaladugu/.gem/ruby/2.2.2/gems/web-console-2.2.1/lib/web_console/templates/_markup.html.erb (0.4ms)
  Rendered /Users/sekharpaladugu/.gem/ruby/2.2.2/gems/web-console-2.2.1/lib/web_console/templates/_inner_console_markup.html.erb within layouts/inlined_string (0.4ms)
  Rendered /Users/sekharpaladugu/.gem/ruby/2.2.2/gems/web-console-2.2.1/lib/web_console/templates/_prompt_box_markup.html.erb within layouts/inlined_string (0.9ms)
  Rendered /Users/sekharpaladugu/.gem/ruby/2.2.2/gems/web-console-2.2.1/lib/web_console/templates/style.css.erb within layouts/inlined_string (0.4ms)
  Rendered /Users/sekharpaladugu/.gem/ruby/2.2.2/gems/web-console-2.2.1/lib/web_console/templates/console.js.erb within layouts/javascript (61.8ms)
  Rendered /Users/sekharpaladugu/.gem/ruby/2.2.2/gems/web-console-2.2.1/lib/web_console/templates/main.js.erb within layouts/javascript (1.4ms)
  Rendered /Users/sekharpaladugu/.gem/ruby/2.2.2/gems/web-console-2.2.1/lib/web_console/templates/error_page.js.erb within layouts/javascript (0.6ms)
  Rendered /Users/sekharpaladugu/.gem/ruby/2.2.2/gems/web-console-2.2.1/lib/web_console/templates/index.html.erb (137.7ms)


Started GET "/auth/twitter" for ::1 at 2015-12-14 09:51:03 -0700


Started GET "/auth/twitter/callback?oauth_token=aY3EPQAAAAAAjOxsAAABUaFnBwI&oauth_verifier=yiqEY6UT9ce4RTL1eQU288ETve2kRWMp" for ::1 at 2015-12-14 09:51:04 -0700

ActionController::RoutingError (No route matches [GET] "/auth/twitter/callback"):
  actionpack (4.2.4) lib/action_dispatch/middleware/debug_exceptions.rb:21:in `call'
  web-console (2.2.1) lib/web_console/middleware.rb:39:in `call'
  actionpack (4.2.4) lib/action_dispatch/middleware/show_exceptions.rb:30:in `call'
  railties (4.2.4) lib/rails/rack/logger.rb:38:in `call_app'
  railties (4.2.4) lib/rails/rack/logger.rb:20:in `block in call'
  activesupport (4.2.4) lib/active_support/tagged_logging.rb:68:in `block in tagged'
  activesupport (4.2.4) lib/active_support/tagged_logging.rb:26:in `tagged'
  activesupport (4.2.4) lib/active_support/tagged_logging.rb:68:in `tagged'
  railties (4.2.4) lib/rails/rack/logger.rb:20:in `call'
  actionpack (4.2.4) lib/action_dispatch/middleware/request_id.rb:21:in `call'
  rack (1.6.4) lib/rack/methodoverride.rb:22:in `call'
  rack (1.6.4) lib/rack/runtime.rb:18:in `call'
  activesupport (4.2.4) lib/active_support/cache/strategy/local_cache_middleware.rb:28:in `call'
  rack (1.6.4) lib/rack/lock.rb:17:in `call'
  actionpack (4.2.4) lib/action_dispatch/middleware/static.rb:116:in `call'
  rack (1.6.4) lib/rack/sendfile.rb:113:in `call'
  railties (4.2.4) lib/rails/engine.rb:518:in `call'
  railties (4.2.4) lib/rails/application.rb:165:in `call'
  rack (1.6.4) lib/rack/lock.rb:17:in `call'
  rack (1.6.4) lib/rack/content_length.rb:15:in `call'
  rack (1.6.4) lib/rack/handler/webrick.rb:88:in `service'
  /Users/sekharpaladugu/.rubies/ruby-2.2.2/lib/ruby/2.2.0/webrick/httpserver.rb:138:in `service'
  /Users/sekharpaladugu/.rubies/ruby-2.2.2/lib/ruby/2.2.0/webrick/httpserver.rb:94:in `run'
  /Users/sekharpaladugu/.rubies/ruby-2.2.2/lib/ruby/2.2.0/webrick/server.rb:294:in `block in start_thread'


  Rendered /Users/sekharpaladugu/.gem/ruby/2.2.2/gems/actionpack-4.2.4/lib/action_dispatch/middleware/templates/rescues/_trace.html.erb (2.0ms)
  Rendered /Users/sekharpaladugu/.gem/ruby/2.2.2/gems/actionpack-4.2.4/lib/action_dispatch/middleware/templates/routes/_route.html.erb (1.4ms)
  Rendered /Users/sekharpaladugu/.gem/ruby/2.2.2/gems/actionpack-4.2.4/lib/action_dispatch/middleware/templates/routes/_table.html.erb (2.2ms)
  Rendered /Users/sekharpaladugu/.gem/ruby/2.2.2/gems/actionpack-4.2.4/lib/action_dispatch/middleware/templates/rescues/_request_and_response.html.erb (1.4ms)
  Rendered /Users/sekharpaladugu/.gem/ruby/2.2.2/gems/actionpack-4.2.4/lib/action_dispatch/middleware/templates/rescues/routing_error.html.erb within rescues/layout (87.9ms)
  Rendered /Users/sekharpaladugu/.gem/ruby/2.2.2/gems/web-console-2.2.1/lib/web_console/templates/_markup.html.erb (0.5ms)
  Rendered /Users/sekharpaladugu/.gem/ruby/2.2.2/gems/web-console-2.2.1/lib/web_console/templates/_inner_console_markup.html.erb within layouts/inlined_string (0.4ms)
  Rendered /Users/sekharpaladugu/.gem/ruby/2.2.2/gems/web-console-2.2.1/lib/web_console/templates/_prompt_box_markup.html.erb within layouts/inlined_string (0.4ms)
  Rendered /Users/sekharpaladugu/.gem/ruby/2.2.2/gems/web-console-2.2.1/lib/web_console/templates/style.css.erb within layouts/inlined_string (0.4ms)
  Rendered /Users/sekharpaladugu/.gem/ruby/2.2.2/gems/web-console-2.2.1/lib/web_console/templates/console.js.erb within layouts/javascript (57.1ms)
  Rendered /Users/sekharpaladugu/.gem/ruby/2.2.2/gems/web-console-2.2.1/lib/web_console/templates/main.js.erb within layouts/javascript (0.8ms)
  Rendered /Users/sekharpaladugu/.gem/ruby/2.2.2/gems/web-console-2.2.1/lib/web_console/templates/error_page.js.erb within layouts/javascript (0.5ms)
  Rendered /Users/sekharpaladugu/.gem/ruby/2.2.2/gems/web-console-2.2.1/lib/web_console/templates/index.html.erb (127.5ms)


Started GET "/auth/twitter" for ::1 at 2015-12-14 09:51:41 -0700


Started GET "/auth/twitter/callback?oauth_token=2Fq1AQAAAAAAjOxsAAABUaFnnAY&oauth_verifier=5qolNkbepFIL1j1yl77MXqNU2ngqrQc5" for ::1 at 2015-12-14 09:51:42 -0700
Processing by SessionsController#create as HTML
  Parameters: {"oauth_token"=>"2Fq1AQAAAAAAjOxsAAABUaFnnAY", "oauth_verifier"=>"5qolNkbepFIL1j1yl77MXqNU2ngqrQc5"}
Completed 500 Internal Server Error in 3ms (ActiveRecord: 0.0ms)

ActionView::MissingTemplate (Missing template sessions/create, application/create with {:locale=>[:en], :formats=>[:html], :variants=>[], :handlers=>[:erb, :builder, :raw, :ruby, :coffee, :jbuilder]}. Searched in:
  * "/Users/sekharpaladugu/code/projects/oauth-workshop/app/views"
):
  actionview (4.2.4) lib/action_view/path_set.rb:46:in `find'
  actionview (4.2.4) lib/action_view/lookup_context.rb:121:in `find'
  actionview (4.2.4) lib/action_view/renderer/abstract_renderer.rb:18:in `find_template'
  actionview (4.2.4) lib/action_view/renderer/template_renderer.rb:40:in `determine_template'
  actionview (4.2.4) lib/action_view/renderer/template_renderer.rb:8:in `render'
  actionview (4.2.4) lib/action_view/renderer/renderer.rb:42:in `render_template'
  actionview (4.2.4) lib/action_view/renderer/renderer.rb:23:in `render'
  actionview (4.2.4) lib/action_view/rendering.rb:100:in `_render_template'
  actionpack (4.2.4) lib/action_controller/metal/streaming.rb:217:in `_render_template'
  actionview (4.2.4) lib/action_view/rendering.rb:83:in `render_to_body'
  actionpack (4.2.4) lib/action_controller/metal/rendering.rb:32:in `render_to_body'
  actionpack (4.2.4) lib/action_controller/metal/renderers.rb:37:in `render_to_body'
  actionpack (4.2.4) lib/abstract_controller/rendering.rb:25:in `render'
  actionpack (4.2.4) lib/action_controller/metal/rendering.rb:16:in `render'
  actionpack (4.2.4) lib/action_controller/metal/instrumentation.rb:44:in `block (2 levels) in render'
  activesupport (4.2.4) lib/active_support/core_ext/benchmark.rb:12:in `block in ms'
  /Users/sekharpaladugu/.rubies/ruby-2.2.2/lib/ruby/2.2.0/benchmark.rb:303:in `realtime'
  activesupport (4.2.4) lib/active_support/core_ext/benchmark.rb:12:in `ms'
  actionpack (4.2.4) lib/action_controller/metal/instrumentation.rb:44:in `block in render'
  actionpack (4.2.4) lib/action_controller/metal/instrumentation.rb:87:in `cleanup_view_runtime'
  activerecord (4.2.4) lib/active_record/railties/controller_runtime.rb:25:in `cleanup_view_runtime'
  actionpack (4.2.4) lib/action_controller/metal/instrumentation.rb:43:in `render'
  actionpack (4.2.4) lib/action_controller/metal/implicit_render.rb:10:in `default_render'
  actionpack (4.2.4) lib/action_controller/metal/implicit_render.rb:5:in `send_action'
  actionpack (4.2.4) lib/abstract_controller/base.rb:198:in `process_action'
  actionpack (4.2.4) lib/action_controller/metal/rendering.rb:10:in `process_action'
  actionpack (4.2.4) lib/abstract_controller/callbacks.rb:20:in `block in process_action'
  activesupport (4.2.4) lib/active_support/callbacks.rb:117:in `call'
  activesupport (4.2.4) lib/active_support/callbacks.rb:117:in `call'
  activesupport (4.2.4) lib/active_support/callbacks.rb:555:in `block (2 levels) in compile'
  activesupport (4.2.4) lib/active_support/callbacks.rb:505:in `call'
  activesupport (4.2.4) lib/active_support/callbacks.rb:505:in `call'
  activesupport (4.2.4) lib/active_support/callbacks.rb:92:in `__run_callbacks__'
  activesupport (4.2.4) lib/active_support/callbacks.rb:778:in `_run_process_action_callbacks'
  activesupport (4.2.4) lib/active_support/callbacks.rb:81:in `run_callbacks'
  actionpack (4.2.4) lib/abstract_controller/callbacks.rb:19:in `process_action'
  actionpack (4.2.4) lib/action_controller/metal/rescue.rb:29:in `process_action'
  actionpack (4.2.4) lib/action_controller/metal/instrumentation.rb:32:in `block in process_action'
  activesupport (4.2.4) lib/active_support/notifications.rb:164:in `block in instrument'
  activesupport (4.2.4) lib/active_support/notifications/instrumenter.rb:20:in `instrument'
  activesupport (4.2.4) lib/active_support/notifications.rb:164:in `instrument'
  actionpack (4.2.4) lib/action_controller/metal/instrumentation.rb:30:in `process_action'
  actionpack (4.2.4) lib/action_controller/metal/params_wrapper.rb:250:in `process_action'
  activerecord (4.2.4) lib/active_record/railties/controller_runtime.rb:18:in `process_action'
  actionpack (4.2.4) lib/abstract_controller/base.rb:137:in `process'
  actionview (4.2.4) lib/action_view/rendering.rb:30:in `process'
  actionpack (4.2.4) lib/action_controller/metal.rb:196:in `dispatch'
  actionpack (4.2.4) lib/action_controller/metal/rack_delegation.rb:13:in `dispatch'
  actionpack (4.2.4) lib/action_controller/metal.rb:237:in `block in action'
  actionpack (4.2.4) lib/action_dispatch/routing/route_set.rb:76:in `call'
  actionpack (4.2.4) lib/action_dispatch/routing/route_set.rb:76:in `dispatch'
  actionpack (4.2.4) lib/action_dispatch/routing/route_set.rb:45:in `serve'
  actionpack (4.2.4) lib/action_dispatch/journey/router.rb:43:in `block in serve'
  actionpack (4.2.4) lib/action_dispatch/journey/router.rb:30:in `each'
  actionpack (4.2.4) lib/action_dispatch/journey/router.rb:30:in `serve'
  actionpack (4.2.4) lib/action_dispatch/routing/route_set.rb:821:in `call'
  omniauth (1.2.2) lib/omniauth/strategy.rb:404:in `call_app!'
  omniauth (1.2.2) lib/omniauth/strategy.rb:362:in `callback_phase'
  omniauth-oauth (1.1.0) lib/omniauth/strategies/oauth.rb:57:in `callback_phase'
  omniauth (1.2.2) lib/omniauth/strategy.rb:227:in `callback_call'
  omniauth (1.2.2) lib/omniauth/strategy.rb:184:in `call!'
  omniauth (1.2.2) lib/omniauth/strategy.rb:164:in `call'
  omniauth (1.2.2) lib/omniauth/builder.rb:59:in `call'
  rack (1.6.4) lib/rack/etag.rb:24:in `call'
  rack (1.6.4) lib/rack/conditionalget.rb:25:in `call'
  rack (1.6.4) lib/rack/head.rb:13:in `call'
  actionpack (4.2.4) lib/action_dispatch/middleware/params_parser.rb:27:in `call'
  actionpack (4.2.4) lib/action_dispatch/middleware/flash.rb:260:in `call'
  rack (1.6.4) lib/rack/session/abstract/id.rb:225:in `context'
  rack (1.6.4) lib/rack/session/abstract/id.rb:220:in `call'
  actionpack (4.2.4) lib/action_dispatch/middleware/cookies.rb:560:in `call'
  activerecord (4.2.4) lib/active_record/query_cache.rb:36:in `call'
  activerecord (4.2.4) lib/active_record/connection_adapters/abstract/connection_pool.rb:653:in `call'
  activerecord (4.2.4) lib/active_record/migration.rb:377:in `call'
  actionpack (4.2.4) lib/action_dispatch/middleware/callbacks.rb:29:in `block in call'
  activesupport (4.2.4) lib/active_support/callbacks.rb:88:in `__run_callbacks__'
  activesupport (4.2.4) lib/active_support/callbacks.rb:778:in `_run_call_callbacks'
  activesupport (4.2.4) lib/active_support/callbacks.rb:81:in `run_callbacks'
  actionpack (4.2.4) lib/action_dispatch/middleware/callbacks.rb:27:in `call'
  actionpack (4.2.4) lib/action_dispatch/middleware/reloader.rb:73:in `call'
  actionpack (4.2.4) lib/action_dispatch/middleware/remote_ip.rb:78:in `call'
  actionpack (4.2.4) lib/action_dispatch/middleware/debug_exceptions.rb:17:in `call'
  web-console (2.2.1) lib/web_console/middleware.rb:39:in `call'
  actionpack (4.2.4) lib/action_dispatch/middleware/show_exceptions.rb:30:in `call'
  railties (4.2.4) lib/rails/rack/logger.rb:38:in `call_app'
  railties (4.2.4) lib/rails/rack/logger.rb:20:in `block in call'
  activesupport (4.2.4) lib/active_support/tagged_logging.rb:68:in `block in tagged'
  activesupport (4.2.4) lib/active_support/tagged_logging.rb:26:in `tagged'
  activesupport (4.2.4) lib/active_support/tagged_logging.rb:68:in `tagged'
  railties (4.2.4) lib/rails/rack/logger.rb:20:in `call'
  actionpack (4.2.4) lib/action_dispatch/middleware/request_id.rb:21:in `call'
  rack (1.6.4) lib/rack/methodoverride.rb:22:in `call'
  rack (1.6.4) lib/rack/runtime.rb:18:in `call'
  activesupport (4.2.4) lib/active_support/cache/strategy/local_cache_middleware.rb:28:in `call'
  rack (1.6.4) lib/rack/lock.rb:17:in `call'
  actionpack (4.2.4) lib/action_dispatch/middleware/static.rb:116:in `call'
  rack (1.6.4) lib/rack/sendfile.rb:113:in `call'
  railties (4.2.4) lib/rails/engine.rb:518:in `call'
  railties (4.2.4) lib/rails/application.rb:165:in `call'
  rack (1.6.4) lib/rack/lock.rb:17:in `call'
  rack (1.6.4) lib/rack/content_length.rb:15:in `call'
  rack (1.6.4) lib/rack/handler/webrick.rb:88:in `service'
  /Users/sekharpaladugu/.rubies/ruby-2.2.2/lib/ruby/2.2.0/webrick/httpserver.rb:138:in `service'
  /Users/sekharpaladugu/.rubies/ruby-2.2.2/lib/ruby/2.2.0/webrick/httpserver.rb:94:in `run'
  /Users/sekharpaladugu/.rubies/ruby-2.2.2/lib/ruby/2.2.0/webrick/server.rb:294:in `block in start_thread'


  Rendered /Users/sekharpaladugu/.gem/ruby/2.2.2/gems/actionpack-4.2.4/lib/action_dispatch/middleware/templates/rescues/_source.erb (6.8ms)
  Rendered /Users/sekharpaladugu/.gem/ruby/2.2.2/gems/actionpack-4.2.4/lib/action_dispatch/middleware/templates/rescues/_trace.html.erb (4.1ms)
  Rendered /Users/sekharpaladugu/.gem/ruby/2.2.2/gems/actionpack-4.2.4/lib/action_dispatch/middleware/templates/rescues/_request_and_response.html.erb (1.5ms)
  Rendered /Users/sekharpaladugu/.gem/ruby/2.2.2/gems/actionpack-4.2.4/lib/action_dispatch/middleware/templates/rescues/missing_template.html.erb within rescues/layout (77.9ms)
  Rendered /Users/sekharpaladugu/.gem/ruby/2.2.2/gems/web-console-2.2.1/lib/web_console/templates/_markup.html.erb (0.5ms)
  Rendered /Users/sekharpaladugu/.gem/ruby/2.2.2/gems/web-console-2.2.1/lib/web_console/templates/_inner_console_markup.html.erb within layouts/inlined_string (0.5ms)
  Rendered /Users/sekharpaladugu/.gem/ruby/2.2.2/gems/web-console-2.2.1/lib/web_console/templates/_prompt_box_markup.html.erb within layouts/inlined_string (0.5ms)
  Rendered /Users/sekharpaladugu/.gem/ruby/2.2.2/gems/web-console-2.2.1/lib/web_console/templates/style.css.erb within layouts/inlined_string (0.4ms)
  Rendered /Users/sekharpaladugu/.gem/ruby/2.2.2/gems/web-console-2.2.1/lib/web_console/templates/console.js.erb within layouts/javascript (71.3ms)
  Rendered /Users/sekharpaladugu/.gem/ruby/2.2.2/gems/web-console-2.2.1/lib/web_console/templates/main.js.erb within layouts/javascript (0.7ms)
  Rendered /Users/sekharpaladugu/.gem/ruby/2.2.2/gems/web-console-2.2.1/lib/web_console/templates/error_page.js.erb within layouts/javascript (0.9ms)
  Rendered /Users/sekharpaladugu/.gem/ruby/2.2.2/gems/web-console-2.2.1/lib/web_console/templates/index.html.erb (147.4ms)


Started GET "/auth/twitter/callback?oauth_token=2Fq1AQAAAAAAjOxsAAABUaFnnAY&oauth_verifier=5qolNkbepFIL1j1yl77MXqNU2ngqrQc5" for ::1 at 2015-12-14 09:53:56 -0700

OAuth::Unauthorized (401 Authorization Required):
  oauth (0.4.7) lib/oauth/consumer.rb:216:in `token_request'
  oauth (0.4.7) lib/oauth/tokens/request_token.rb:18:in `get_access_token'
  omniauth-oauth (1.1.0) lib/omniauth/strategies/oauth.rb:56:in `callback_phase'
  omniauth (1.2.2) lib/omniauth/strategy.rb:227:in `callback_call'
  omniauth (1.2.2) lib/omniauth/strategy.rb:184:in `call!'
  omniauth (1.2.2) lib/omniauth/strategy.rb:164:in `call'
  omniauth (1.2.2) lib/omniauth/builder.rb:59:in `call'
  rack (1.6.4) lib/rack/etag.rb:24:in `call'
  rack (1.6.4) lib/rack/conditionalget.rb:25:in `call'
  rack (1.6.4) lib/rack/head.rb:13:in `call'
  actionpack (4.2.4) lib/action_dispatch/middleware/params_parser.rb:27:in `call'
  actionpack (4.2.4) lib/action_dispatch/middleware/flash.rb:260:in `call'
  rack (1.6.4) lib/rack/session/abstract/id.rb:225:in `context'
  rack (1.6.4) lib/rack/session/abstract/id.rb:220:in `call'
  actionpack (4.2.4) lib/action_dispatch/middleware/cookies.rb:560:in `call'
  activerecord (4.2.4) lib/active_record/query_cache.rb:36:in `call'
  activerecord (4.2.4) lib/active_record/connection_adapters/abstract/connection_pool.rb:653:in `call'
  activerecord (4.2.4) lib/active_record/migration.rb:377:in `call'
  actionpack (4.2.4) lib/action_dispatch/middleware/callbacks.rb:29:in `block in call'
  activesupport (4.2.4) lib/active_support/callbacks.rb:88:in `__run_callbacks__'
  activesupport (4.2.4) lib/active_support/callbacks.rb:778:in `_run_call_callbacks'
  activesupport (4.2.4) lib/active_support/callbacks.rb:81:in `run_callbacks'
  actionpack (4.2.4) lib/action_dispatch/middleware/callbacks.rb:27:in `call'
  actionpack (4.2.4) lib/action_dispatch/middleware/reloader.rb:73:in `call'
  actionpack (4.2.4) lib/action_dispatch/middleware/remote_ip.rb:78:in `call'
  actionpack (4.2.4) lib/action_dispatch/middleware/debug_exceptions.rb:17:in `call'
  web-console (2.2.1) lib/web_console/middleware.rb:39:in `call'
  actionpack (4.2.4) lib/action_dispatch/middleware/show_exceptions.rb:30:in `call'
  railties (4.2.4) lib/rails/rack/logger.rb:38:in `call_app'
  railties (4.2.4) lib/rails/rack/logger.rb:20:in `block in call'
  activesupport (4.2.4) lib/active_support/tagged_logging.rb:68:in `block in tagged'
  activesupport (4.2.4) lib/active_support/tagged_logging.rb:26:in `tagged'
  activesupport (4.2.4) lib/active_support/tagged_logging.rb:68:in `tagged'
  railties (4.2.4) lib/rails/rack/logger.rb:20:in `call'
  actionpack (4.2.4) lib/action_dispatch/middleware/request_id.rb:21:in `call'
  rack (1.6.4) lib/rack/methodoverride.rb:22:in `call'
  rack (1.6.4) lib/rack/runtime.rb:18:in `call'
  activesupport (4.2.4) lib/active_support/cache/strategy/local_cache_middleware.rb:28:in `call'
  rack (1.6.4) lib/rack/lock.rb:17:in `call'
  actionpack (4.2.4) lib/action_dispatch/middleware/static.rb:116:in `call'
  rack (1.6.4) lib/rack/sendfile.rb:113:in `call'
  railties (4.2.4) lib/rails/engine.rb:518:in `call'
  railties (4.2.4) lib/rails/application.rb:165:in `call'
  rack (1.6.4) lib/rack/lock.rb:17:in `call'
  rack (1.6.4) lib/rack/content_length.rb:15:in `call'
  rack (1.6.4) lib/rack/handler/webrick.rb:88:in `service'
  /Users/sekharpaladugu/.rubies/ruby-2.2.2/lib/ruby/2.2.0/webrick/httpserver.rb:138:in `service'
  /Users/sekharpaladugu/.rubies/ruby-2.2.2/lib/ruby/2.2.0/webrick/httpserver.rb:94:in `run'
  /Users/sekharpaladugu/.rubies/ruby-2.2.2/lib/ruby/2.2.0/webrick/server.rb:294:in `block in start_thread'


  Rendered /Users/sekharpaladugu/.gem/ruby/2.2.2/gems/actionpack-4.2.4/lib/action_dispatch/middleware/templates/rescues/_source.erb (4.3ms)
  Rendered /Users/sekharpaladugu/.gem/ruby/2.2.2/gems/actionpack-4.2.4/lib/action_dispatch/middleware/templates/rescues/_trace.html.erb (2.6ms)
  Rendered /Users/sekharpaladugu/.gem/ruby/2.2.2/gems/actionpack-4.2.4/lib/action_dispatch/middleware/templates/rescues/_request_and_response.html.erb (1.2ms)
  Rendered /Users/sekharpaladugu/.gem/ruby/2.2.2/gems/actionpack-4.2.4/lib/action_dispatch/middleware/templates/rescues/diagnostics.html.erb within rescues/layout (59.2ms)
  Rendered /Users/sekharpaladugu/.gem/ruby/2.2.2/gems/web-console-2.2.1/lib/web_console/templates/_markup.html.erb (1.0ms)
  Rendered /Users/sekharpaladugu/.gem/ruby/2.2.2/gems/web-console-2.2.1/lib/web_console/templates/_inner_console_markup.html.erb within layouts/inlined_string (0.4ms)
  Rendered /Users/sekharpaladugu/.gem/ruby/2.2.2/gems/web-console-2.2.1/lib/web_console/templates/_prompt_box_markup.html.erb within layouts/inlined_string (0.5ms)
  Rendered /Users/sekharpaladugu/.gem/ruby/2.2.2/gems/web-console-2.2.1/lib/web_console/templates/style.css.erb within layouts/inlined_string (0.4ms)
  Rendered /Users/sekharpaladugu/.gem/ruby/2.2.2/gems/web-console-2.2.1/lib/web_console/templates/console.js.erb within layouts/javascript (55.0ms)
  Rendered /Users/sekharpaladugu/.gem/ruby/2.2.2/gems/web-console-2.2.1/lib/web_console/templates/main.js.erb within layouts/javascript (0.6ms)
  Rendered /Users/sekharpaladugu/.gem/ruby/2.2.2/gems/web-console-2.2.1/lib/web_console/templates/error_page.js.erb within layouts/javascript (0.6ms)
  Rendered /Users/sekharpaladugu/.gem/ruby/2.2.2/gems/web-console-2.2.1/lib/web_console/templates/index.html.erb (122.5ms)


Started GET "/auth/twitter" for ::1 at 2015-12-14 09:54:00 -0700


Started GET "/auth/twitter/callback?oauth_token=QKvfuwAAAAAAjOxsAAABUaFpumI&oauth_verifier=TIY0CATC4MZdtdQcVxlirdDcbrCzA2tM" for ::1 at 2015-12-14 09:54:01 -0700
Processing by SessionsController#create as HTML
  Parameters: {"oauth_token"=>"QKvfuwAAAAAAjOxsAAABUaFpumI", "oauth_verifier"=>"TIY0CATC4MZdtdQcVxlirdDcbrCzA2tM"}
Completed 500 Internal Server Error in 3ms (ActiveRecord: 0.0ms)

NoMethodError (undefined method `end' for #<ActionDispatch::Request:0x007f9bf059ae50>):
  app/controllers/sessions_controller.rb:3:in `create'


  Rendered /Users/sekharpaladugu/.gem/ruby/2.2.2/gems/actionpack-4.2.4/lib/action_dispatch/middleware/templates/rescues/_source.erb (4.8ms)
  Rendered /Users/sekharpaladugu/.gem/ruby/2.2.2/gems/actionpack-4.2.4/lib/action_dispatch/middleware/templates/rescues/_trace.html.erb (2.1ms)
  Rendered /Users/sekharpaladugu/.gem/ruby/2.2.2/gems/actionpack-4.2.4/lib/action_dispatch/middleware/templates/rescues/_request_and_response.html.erb (1.3ms)
  Rendered /Users/sekharpaladugu/.gem/ruby/2.2.2/gems/actionpack-4.2.4/lib/action_dispatch/middleware/templates/rescues/diagnostics.html.erb within rescues/layout (65.0ms)
  Rendered /Users/sekharpaladugu/.gem/ruby/2.2.2/gems/web-console-2.2.1/lib/web_console/templates/_markup.html.erb (0.6ms)
  Rendered /Users/sekharpaladugu/.gem/ruby/2.2.2/gems/web-console-2.2.1/lib/web_console/templates/_inner_console_markup.html.erb within layouts/inlined_string (0.4ms)
  Rendered /Users/sekharpaladugu/.gem/ruby/2.2.2/gems/web-console-2.2.1/lib/web_console/templates/_prompt_box_markup.html.erb within layouts/inlined_string (0.3ms)
  Rendered /Users/sekharpaladugu/.gem/ruby/2.2.2/gems/web-console-2.2.1/lib/web_console/templates/style.css.erb within layouts/inlined_string (0.4ms)
  Rendered /Users/sekharpaladugu/.gem/ruby/2.2.2/gems/web-console-2.2.1/lib/web_console/templates/console.js.erb within layouts/javascript (53.6ms)
  Rendered /Users/sekharpaladugu/.gem/ruby/2.2.2/gems/web-console-2.2.1/lib/web_console/templates/main.js.erb within layouts/javascript (0.6ms)
  Rendered /Users/sekharpaladugu/.gem/ruby/2.2.2/gems/web-console-2.2.1/lib/web_console/templates/error_page.js.erb within layouts/javascript (0.4ms)
  Rendered /Users/sekharpaladugu/.gem/ruby/2.2.2/gems/web-console-2.2.1/lib/web_console/templates/index.html.erb (119.7ms)


Started GET "/auth/twitter" for ::1 at 2015-12-14 09:54:19 -0700


Started GET "/auth/twitter/callback?oauth_token=3KuNGQAAAAAAjOxsAAABUaFqB6U&oauth_verifier=3k4Z5o01t5LuMgOCCw5Ox95VDENuRflx" for ::1 at 2015-12-14 09:54:21 -0700
Processing by SessionsController#create as HTML
  Parameters: {"oauth_token"=>"3KuNGQAAAAAAjOxsAAABUaFqB6U", "oauth_verifier"=>"3k4Z5o01t5LuMgOCCw5Ox95VDENuRflx"}
  Rendered text template (0.0ms)
Completed 200 OK in 6ms (Views: 5.6ms | ActiveRecord: 0.0ms)
  [1m[36mActiveRecord::SchemaMigration Load (1.2ms)[0m  [1mSELECT "schema_migrations".* FROM "schema_migrations"[0m
Migrating to CreateUsers (20151214165517)
  [1m[35m (1.2ms)[0m  BEGIN
  [1m[36m (43.6ms)[0m  [1mCREATE TABLE "users" ("id" serial primary key, "name" character varying, "screen_name" character varying, "uid" character varying, "oauth_token" character varying, "oauth_token_secret" character varying, "created_at" timestamp NOT NULL, "updated_at" timestamp NOT NULL) [0m
  [1m[35mSQL (4.6ms)[0m  INSERT INTO "schema_migrations" ("version") VALUES ($1)  [["version", "20151214165517"]]
  [1m[36m (124.5ms)[0m  [1mCOMMIT[0m
  [1m[35mActiveRecord::SchemaMigration Load (0.3ms)[0m  SELECT "schema_migrations".* FROM "schema_migrations"
  [1m[36m (8.9ms)[0m  [1mSELECT t2.oid::regclass::text AS to_table, a1.attname AS column, a2.attname AS primary_key, c.conname AS name, c.confupdtype AS on_update, c.confdeltype AS on_delete
FROM pg_constraint c
JOIN pg_class t1 ON c.conrelid = t1.oid
JOIN pg_class t2 ON c.confrelid = t2.oid
JOIN pg_attribute a1 ON a1.attnum = c.conkey[1] AND a1.attrelid = t1.oid
JOIN pg_attribute a2 ON a2.attnum = c.confkey[1] AND a2.attrelid = t2.oid
JOIN pg_namespace t3 ON c.connamespace = t3.oid
WHERE c.contype = 'f'
  AND t1.relname = 'users'
  AND t3.nspname = ANY (current_schemas(false))
ORDER BY c.conname
[0m


Started GET "/auth/twitter/callback?oauth_token=3KuNGQAAAAAAjOxsAAABUaFqB6U&oauth_verifier=3k4Z5o01t5LuMgOCCw5Ox95VDENuRflx" for ::1 at 2015-12-14 10:05:17 -0700
  [1m[36mActiveRecord::SchemaMigration Load (1.5ms)[0m  [1mSELECT "schema_migrations".* FROM "schema_migrations"[0m

OAuth::Unauthorized (401 Authorization Required):
  oauth (0.4.7) lib/oauth/consumer.rb:216:in `token_request'
  oauth (0.4.7) lib/oauth/tokens/request_token.rb:18:in `get_access_token'
  omniauth-oauth (1.1.0) lib/omniauth/strategies/oauth.rb:56:in `callback_phase'
  omniauth (1.2.2) lib/omniauth/strategy.rb:227:in `callback_call'
  omniauth (1.2.2) lib/omniauth/strategy.rb:184:in `call!'
  omniauth (1.2.2) lib/omniauth/strategy.rb:164:in `call'
  omniauth (1.2.2) lib/omniauth/builder.rb:59:in `call'
  rack (1.6.4) lib/rack/etag.rb:24:in `call'
  rack (1.6.4) lib/rack/conditionalget.rb:25:in `call'
  rack (1.6.4) lib/rack/head.rb:13:in `call'
  actionpack (4.2.4) lib/action_dispatch/middleware/params_parser.rb:27:in `call'
  actionpack (4.2.4) lib/action_dispatch/middleware/flash.rb:260:in `call'
  rack (1.6.4) lib/rack/session/abstract/id.rb:225:in `context'
  rack (1.6.4) lib/rack/session/abstract/id.rb:220:in `call'
  actionpack (4.2.4) lib/action_dispatch/middleware/cookies.rb:560:in `call'
  activerecord (4.2.4) lib/active_record/query_cache.rb:36:in `call'
  activerecord (4.2.4) lib/active_record/connection_adapters/abstract/connection_pool.rb:653:in `call'
  activerecord (4.2.4) lib/active_record/migration.rb:377:in `call'
  actionpack (4.2.4) lib/action_dispatch/middleware/callbacks.rb:29:in `block in call'
  activesupport (4.2.4) lib/active_support/callbacks.rb:88:in `__run_callbacks__'
  activesupport (4.2.4) lib/active_support/callbacks.rb:778:in `_run_call_callbacks'
  activesupport (4.2.4) lib/active_support/callbacks.rb:81:in `run_callbacks'
  actionpack (4.2.4) lib/action_dispatch/middleware/callbacks.rb:27:in `call'
  actionpack (4.2.4) lib/action_dispatch/middleware/reloader.rb:73:in `call'
  actionpack (4.2.4) lib/action_dispatch/middleware/remote_ip.rb:78:in `call'
  actionpack (4.2.4) lib/action_dispatch/middleware/debug_exceptions.rb:17:in `call'
  web-console (2.2.1) lib/web_console/middleware.rb:39:in `call'
  actionpack (4.2.4) lib/action_dispatch/middleware/show_exceptions.rb:30:in `call'
  railties (4.2.4) lib/rails/rack/logger.rb:38:in `call_app'
  railties (4.2.4) lib/rails/rack/logger.rb:20:in `block in call'
  activesupport (4.2.4) lib/active_support/tagged_logging.rb:68:in `block in tagged'
  activesupport (4.2.4) lib/active_support/tagged_logging.rb:26:in `tagged'
  activesupport (4.2.4) lib/active_support/tagged_logging.rb:68:in `tagged'
  railties (4.2.4) lib/rails/rack/logger.rb:20:in `call'
  actionpack (4.2.4) lib/action_dispatch/middleware/request_id.rb:21:in `call'
  rack (1.6.4) lib/rack/methodoverride.rb:22:in `call'
  rack (1.6.4) lib/rack/runtime.rb:18:in `call'
  activesupport (4.2.4) lib/active_support/cache/strategy/local_cache_middleware.rb:28:in `call'
  rack (1.6.4) lib/rack/lock.rb:17:in `call'
  actionpack (4.2.4) lib/action_dispatch/middleware/static.rb:116:in `call'
  rack (1.6.4) lib/rack/sendfile.rb:113:in `call'
  railties (4.2.4) lib/rails/engine.rb:518:in `call'
  railties (4.2.4) lib/rails/application.rb:165:in `call'
  rack (1.6.4) lib/rack/lock.rb:17:in `call'
  rack (1.6.4) lib/rack/content_length.rb:15:in `call'
  rack (1.6.4) lib/rack/handler/webrick.rb:88:in `service'
  /Users/sekharpaladugu/.rubies/ruby-2.2.2/lib/ruby/2.2.0/webrick/httpserver.rb:138:in `service'
  /Users/sekharpaladugu/.rubies/ruby-2.2.2/lib/ruby/2.2.0/webrick/httpserver.rb:94:in `run'
  /Users/sekharpaladugu/.rubies/ruby-2.2.2/lib/ruby/2.2.0/webrick/server.rb:294:in `block in start_thread'


  Rendered /Users/sekharpaladugu/.gem/ruby/2.2.2/gems/actionpack-4.2.4/lib/action_dispatch/middleware/templates/rescues/_source.erb (13.0ms)
  Rendered /Users/sekharpaladugu/.gem/ruby/2.2.2/gems/actionpack-4.2.4/lib/action_dispatch/middleware/templates/rescues/_trace.html.erb (4.3ms)
  Rendered /Users/sekharpaladugu/.gem/ruby/2.2.2/gems/actionpack-4.2.4/lib/action_dispatch/middleware/templates/rescues/_request_and_response.html.erb (2.9ms)
  Rendered /Users/sekharpaladugu/.gem/ruby/2.2.2/gems/actionpack-4.2.4/lib/action_dispatch/middleware/templates/rescues/diagnostics.html.erb within rescues/layout (73.8ms)
  Rendered /Users/sekharpaladugu/.gem/ruby/2.2.2/gems/web-console-2.2.1/lib/web_console/templates/_markup.html.erb (0.5ms)
  Rendered /Users/sekharpaladugu/.gem/ruby/2.2.2/gems/web-console-2.2.1/lib/web_console/templates/_inner_console_markup.html.erb within layouts/inlined_string (0.5ms)
  Rendered /Users/sekharpaladugu/.gem/ruby/2.2.2/gems/web-console-2.2.1/lib/web_console/templates/_prompt_box_markup.html.erb within layouts/inlined_string (0.5ms)
  Rendered /Users/sekharpaladugu/.gem/ruby/2.2.2/gems/web-console-2.2.1/lib/web_console/templates/style.css.erb within layouts/inlined_string (0.7ms)
  Rendered /Users/sekharpaladugu/.gem/ruby/2.2.2/gems/web-console-2.2.1/lib/web_console/templates/console.js.erb within layouts/javascript (58.5ms)
  Rendered /Users/sekharpaladugu/.gem/ruby/2.2.2/gems/web-console-2.2.1/lib/web_console/templates/main.js.erb within layouts/javascript (0.8ms)
  Rendered /Users/sekharpaladugu/.gem/ruby/2.2.2/gems/web-console-2.2.1/lib/web_console/templates/error_page.js.erb within layouts/javascript (0.6ms)
  Rendered /Users/sekharpaladugu/.gem/ruby/2.2.2/gems/web-console-2.2.1/lib/web_console/templates/index.html.erb (129.0ms)


Started GET "/auth/twitter" for ::1 at 2015-12-14 10:05:21 -0700


Started GET "/auth/twitter/callback?oauth_token=zbs6hAAAAAAAjOxsAAABUaF0HNY&oauth_verifier=5j31vK6DEZf4onJgpMM07FBFvX8KCVFk" for ::1 at 2015-12-14 10:05:22 -0700
Processing by SessionsController#create as HTML
  Parameters: {"oauth_token"=>"zbs6hAAAAAAAjOxsAAABUaF0HNY", "oauth_verifier"=>"5j31vK6DEZf4onJgpMM07FBFvX8KCVFk"}
  [1m[35mUser Load (3.0ms)[0m  SELECT  "users".* FROM "users" WHERE "users"."uid" = $1  ORDER BY "users"."id" ASC LIMIT 1  [["uid", "3338474240"]]
  [1m[36m (0.3ms)[0m  [1mBEGIN[0m
  [1m[35mSQL (2.6ms)[0m  INSERT INTO "users" ("uid", "name", "screen_name", "oauth_token", "oauth_token_secret", "created_at", "updated_at") VALUES ($1, $2, $3, $4, $5, $6, $7) RETURNING "id"  [["uid", "3338474240"], ["name", "Sekhar Paladugu"], ["screen_name", "SekharPaladugu"], ["oauth_token", "3338474240-RNrVnYZXz7PQ65H1FfMnSGxNLxIn5Y3PDtX8LR1"], ["oauth_token_secret", "evZrocDkGmDGmvIOFhvYT03aEP410r7216yeWoSTnVNQT"], ["created_at", "2015-12-14 17:05:23.537518"], ["updated_at", "2015-12-14 17:05:23.537518"]]
  [1m[36m (10.3ms)[0m  [1mCOMMIT[0m
Redirected to http://localhost:3000/
Completed 302 Found in 82ms (ActiveRecord: 26.1ms)


Started GET "/" for ::1 at 2015-12-14 10:05:23 -0700
Processing by WelcomeController#index as HTML
  [1m[35mUser Load (1.0ms)[0m  SELECT  "users".* FROM "users" WHERE "users"."id" = $1 LIMIT 1  [["id", 1]]
  Rendered welcome/index.html.erb within layouts/application (10.3ms)
Completed 200 OK in 57ms (Views: 56.0ms | ActiveRecord: 1.0ms)


Started GET "/" for ::1 at 2015-12-14 10:21:27 -0700
  [1m[36mActiveRecord::SchemaMigration Load (1.7ms)[0m  [1mSELECT "schema_migrations".* FROM "schema_migrations"[0m
Processing by WelcomeController#index as HTML
  [1m[35mUser Load (1.7ms)[0m  SELECT  "users".* FROM "users" WHERE "users"."id" = $1 LIMIT 1  [["id", 1]]
  Rendered welcome/index.html.erb within layouts/application (43.8ms)
Completed 200 OK in 243ms (Views: 232.3ms | ActiveRecord: 10.1ms)


Started GET "/assets/application.self-e80e8f2318043e8af94dddc2adad5a4f09739a8ebb323b3ab31cd71d45fd9113.css?body=1" for ::1 at 2015-12-14 10:21:28 -0700


Started GET "/assets/jquery_ujs.self-d456baa54c1fa6be2ec3711f0a72ddf7a5b2f34a6b4f515f33767d6207b7d4b3.js?body=1" for ::1 at 2015-12-14 10:21:28 -0700


Started GET "/assets/jquery.self-a714331225dda820228db323939889f149aec0127aeb06255646b616ba1ca419.js?body=1" for ::1 at 2015-12-14 10:21:28 -0700


Started GET "/assets/application.self-377610cd7c1509e934744c810e3b4cf672dfbcacac3274e7d039827e2ae0fcc7.js?body=1" for ::1 at 2015-12-14 10:21:28 -0700


Started GET "/logout" for ::1 at 2015-12-14 10:21:30 -0700
Processing by SessionsController#destroy as HTML
Redirected to http://localhost:3000/auth/twitter
Completed 302 Found in 1ms (ActiveRecord: 0.0ms)


Started GET "/auth/twitter" for ::1 at 2015-12-14 10:21:30 -0700


Started GET "/auth/twitter/callback?oauth_token=aAzxSgAAAAAAjOxsAAABUaGC56g&oauth_verifier=GCKOV6V8j1RA2pOX26C7cqAF3sQWSnPM" for ::1 at 2015-12-14 10:21:31 -0700
Processing by SessionsController#create as HTML
  Parameters: {"oauth_token"=>"aAzxSgAAAAAAjOxsAAABUaGC56g", "oauth_verifier"=>"GCKOV6V8j1RA2pOX26C7cqAF3sQWSnPM"}
  [1m[36mUser Load (1.2ms)[0m  [1mSELECT  "users".* FROM "users" WHERE "users"."uid" = $1  ORDER BY "users"."id" ASC LIMIT 1[0m  [["uid", "3338474240"]]
Redirected to http://localhost:3000/
Completed 302 Found in 5ms (ActiveRecord: 1.2ms)


Started GET "/" for ::1 at 2015-12-14 10:21:33 -0700
Processing by WelcomeController#index as HTML
  [1m[35mUser Load (0.6ms)[0m  SELECT  "users".* FROM "users" WHERE "users"."id" = $1 LIMIT 1  [["id", 1]]
  Rendered welcome/index.html.erb within layouts/application (2.7ms)
Completed 200 OK in 37ms (Views: 35.7ms | ActiveRecord: 0.6ms)


Started GET "/" for ::1 at 2015-12-14 10:21:34 -0700
Processing by WelcomeController#index as HTML
  [1m[36mUser Load (0.6ms)[0m  [1mSELECT  "users".* FROM "users" WHERE "users"."id" = $1 LIMIT 1[0m  [["id", 1]]
  Rendered welcome/index.html.erb within layouts/application (2.0ms)
Completed 200 OK in 28ms (Views: 26.7ms | ActiveRecord: 0.6ms)


Started GET "/assets/jquery_ujs.self-d456baa54c1fa6be2ec3711f0a72ddf7a5b2f34a6b4f515f33767d6207b7d4b3.js?body=1" for ::1 at 2015-12-14 10:21:35 -0700


Started GET "/assets/jquery.self-a714331225dda820228db323939889f149aec0127aeb06255646b616ba1ca419.js?body=1" for ::1 at 2015-12-14 10:21:35 -0700


Started GET "/assets/application.self-377610cd7c1509e934744c810e3b4cf672dfbcacac3274e7d039827e2ae0fcc7.js?body=1" for ::1 at 2015-12-14 10:21:35 -0700


Started GET "/assets/application.self-e80e8f2318043e8af94dddc2adad5a4f09739a8ebb323b3ab31cd71d45fd9113.css?body=1" for ::1 at 2015-12-14 10:21:35 -0700


Started GET "/logout" for ::1 at 2015-12-14 10:21:37 -0700
Processing by SessionsController#destroy as HTML
Redirected to http://localhost:3000/auth/twitter
Completed 302 Found in 1ms (ActiveRecord: 0.0ms)


Started GET "/auth/twitter" for ::1 at 2015-12-14 10:21:37 -0700


Started GET "/auth/twitter/callback?oauth_token=winf6QAAAAAAjOxsAAABUaGDAP4&oauth_verifier=RKJB8rGdhabmWOslAGzYanfPEEjep7se" for ::1 at 2015-12-14 10:21:38 -0700
Processing by SessionsController#create as HTML
  Parameters: {"oauth_token"=>"winf6QAAAAAAjOxsAAABUaGDAP4", "oauth_verifier"=>"RKJB8rGdhabmWOslAGzYanfPEEjep7se"}
  [1m[35mUser Load (0.6ms)[0m  SELECT  "users".* FROM "users" WHERE "users"."uid" = $1  ORDER BY "users"."id" ASC LIMIT 1  [["uid", "3338474240"]]
Redirected to http://localhost:3000/
Completed 302 Found in 3ms (ActiveRecord: 0.6ms)


Started GET "/" for ::1 at 2015-12-14 10:21:39 -0700
Processing by WelcomeController#index as HTML
  [1m[36mUser Load (0.5ms)[0m  [1mSELECT  "users".* FROM "users" WHERE "users"."id" = $1 LIMIT 1[0m  [["id", 1]]
  Rendered welcome/index.html.erb within layouts/application (2.2ms)
Completed 200 OK in 52ms (Views: 51.4ms | ActiveRecord: 0.5ms)


Started GET "/logout" for ::1 at 2015-12-14 10:22:41 -0700
Processing by SessionsController#destroy as HTML
Redirected to http://localhost:3000/auth/twitter
Completed 302 Found in 1ms (ActiveRecord: 0.0ms)


Started GET "/auth/twitter" for ::1 at 2015-12-14 10:22:41 -0700


Started GET "/auth/twitter/callback?oauth_token=BGB2lAAAAAAAjOxsAAABUaGD_L0&oauth_verifier=Vt6cqFLtX989eYRNTKH8lvMT8EduJDo1" for ::1 at 2015-12-14 10:22:42 -0700
Processing by SessionsController#create as HTML
  Parameters: {"oauth_token"=>"BGB2lAAAAAAAjOxsAAABUaGD_L0", "oauth_verifier"=>"Vt6cqFLtX989eYRNTKH8lvMT8EduJDo1"}
  [1m[35mUser Load (0.5ms)[0m  SELECT  "users".* FROM "users" WHERE "users"."uid" = $1  ORDER BY "users"."id" ASC LIMIT 1  [["uid", "3338474240"]]
Redirected to http://localhost:3000/
Completed 302 Found in 3ms (ActiveRecord: 0.5ms)


Started GET "/" for ::1 at 2015-12-14 10:22:43 -0700
Processing by WelcomeController#index as HTML
  [1m[36mUser Load (0.4ms)[0m  [1mSELECT  "users".* FROM "users" WHERE "users"."id" = $1 LIMIT 1[0m  [["id", 1]]
  Rendered welcome/index.html.erb within layouts/application (2.2ms)
Completed 200 OK in 45ms (Views: 44.1ms | ActiveRecord: 0.4ms)


Started GET "/logout" for ::1 at 2015-12-14 10:22:52 -0700
Processing by SessionsController#destroy as HTML
Redirected to http://localhost:3000/auth/twitter
Completed 302 Found in 1ms (ActiveRecord: 0.0ms)


Started GET "/auth/twitter" for ::1 at 2015-12-14 10:22:52 -0700


Started GET "/auth/twitter/callback?oauth_token=-UJ_vAAAAAAAjOxsAAABUaGEKyg&oauth_verifier=rL8DXcPwOeuzAwMMOjg0MJBuqpjAagys" for ::1 at 2015-12-14 10:22:54 -0700
Processing by SessionsController#create as HTML
  Parameters: {"oauth_token"=>"-UJ_vAAAAAAAjOxsAAABUaGEKyg", "oauth_verifier"=>"rL8DXcPwOeuzAwMMOjg0MJBuqpjAagys"}
  [1m[35mUser Load (0.7ms)[0m  SELECT  "users".* FROM "users" WHERE "users"."uid" = $1  ORDER BY "users"."id" ASC LIMIT 1  [["uid", "3338474240"]]
Redirected to http://localhost:3000/
Completed 302 Found in 3ms (ActiveRecord: 0.7ms)


Started GET "/" for ::1 at 2015-12-14 10:22:55 -0700
Processing by WelcomeController#index as HTML
  [1m[36mUser Load (0.4ms)[0m  [1mSELECT  "users".* FROM "users" WHERE "users"."id" = $1 LIMIT 1[0m  [["id", 1]]
  Rendered welcome/index.html.erb within layouts/application (1.5ms)
Completed 200 OK in 29ms (Views: 28.0ms | ActiveRecord: 0.4ms)


Started GET "/" for ::1 at 2015-12-14 10:23:01 -0700
Processing by WelcomeController#index as HTML
  Rendered welcome/index.html.erb within layouts/application (0.2ms)
Completed 200 OK in 27ms (Views: 27.0ms | ActiveRecord: 0.0ms)


Started GET "/assets/jquery.self-a714331225dda820228db323939889f149aec0127aeb06255646b616ba1ca419.js?body=1" for ::1 at 2015-12-14 10:23:01 -0700


Started GET "/assets/application.self-e80e8f2318043e8af94dddc2adad5a4f09739a8ebb323b3ab31cd71d45fd9113.css?body=1" for ::1 at 2015-12-14 10:23:01 -0700


Started GET "/assets/application.self-377610cd7c1509e934744c810e3b4cf672dfbcacac3274e7d039827e2ae0fcc7.js?body=1" for ::1 at 2015-12-14 10:23:01 -0700


Started GET "/assets/jquery_ujs.self-d456baa54c1fa6be2ec3711f0a72ddf7a5b2f34a6b4f515f33767d6207b7d4b3.js?body=1" for ::1 at 2015-12-14 10:23:01 -0700


Started GET "/auth/twitter" for ::1 at 2015-12-14 10:23:03 -0700


Started GET "/auth/twitter/callback?oauth_token=pUX53QAAAAAAjOxsAAABUaGEVGU&oauth_verifier=H1Tl2KPJJVOacCPr2D36XYy7Va5wlUVn" for ::1 at 2015-12-14 10:23:05 -0700
Processing by SessionsController#create as HTML
  Parameters: {"oauth_token"=>"pUX53QAAAAAAjOxsAAABUaGEVGU", "oauth_verifier"=>"H1Tl2KPJJVOacCPr2D36XYy7Va5wlUVn"}
  [1m[35mUser Load (1.2ms)[0m  SELECT  "users".* FROM "users" WHERE "users"."uid" = $1  ORDER BY "users"."id" ASC LIMIT 1  [["uid", "3338474240"]]
Redirected to http://localhost:3000/
Completed 302 Found in 4ms (ActiveRecord: 1.2ms)


Started GET "/" for ::1 at 2015-12-14 10:23:06 -0700
Processing by WelcomeController#index as HTML
  [1m[36mUser Load (0.3ms)[0m  [1mSELECT  "users".* FROM "users" WHERE "users"."id" = $1 LIMIT 1[0m  [["id", 1]]
  Rendered welcome/index.html.erb within layouts/application (1.4ms)
Completed 200 OK in 27ms (Views: 26.8ms | ActiveRecord: 0.3ms)


Started GET "/logout" for ::1 at 2015-12-14 10:23:08 -0700
Processing by SessionsController#destroy as HTML
Redirected to http://localhost:3000/auth/twitter
Completed 302 Found in 1ms (ActiveRecord: 0.0ms)


Started GET "/auth/twitter" for ::1 at 2015-12-14 10:23:08 -0700


Started GET "/auth/twitter/callback?oauth_token=rXNglQAAAAAAjOxsAAABUaGEZIc&oauth_verifier=4vtuXe86OznI3wc0j5inBtTdF6lbll83" for ::1 at 2015-12-14 10:23:09 -0700
Processing by SessionsController#create as HTML
  Parameters: {"oauth_token"=>"rXNglQAAAAAAjOxsAAABUaGEZIc", "oauth_verifier"=>"4vtuXe86OznI3wc0j5inBtTdF6lbll83"}
  [1m[35mUser Load (0.6ms)[0m  SELECT  "users".* FROM "users" WHERE "users"."uid" = $1  ORDER BY "users"."id" ASC LIMIT 1  [["uid", "3338474240"]]
Redirected to http://localhost:3000/
Completed 302 Found in 3ms (ActiveRecord: 0.6ms)


Started GET "/" for ::1 at 2015-12-14 10:23:10 -0700
Processing by WelcomeController#index as HTML
  [1m[36mUser Load (0.3ms)[0m  [1mSELECT  "users".* FROM "users" WHERE "users"."id" = $1 LIMIT 1[0m  [["id", 1]]
  Rendered welcome/index.html.erb within layouts/application (1.4ms)
Completed 200 OK in 26ms (Views: 25.6ms | ActiveRecord: 0.3ms)


Started GET "/" for ::1 at 2015-12-14 10:23:16 -0700
Processing by WelcomeController#index as HTML
  Rendered welcome/index.html.erb within layouts/application (0.2ms)
Completed 200 OK in 28ms (Views: 27.4ms | ActiveRecord: 0.0ms)


Started GET "/assets/jquery.self-a714331225dda820228db323939889f149aec0127aeb06255646b616ba1ca419.js?body=1" for ::1 at 2015-12-14 10:23:16 -0700


Started GET "/assets/application.self-e80e8f2318043e8af94dddc2adad5a4f09739a8ebb323b3ab31cd71d45fd9113.css?body=1" for ::1 at 2015-12-14 10:23:16 -0700


Started GET "/assets/jquery_ujs.self-d456baa54c1fa6be2ec3711f0a72ddf7a5b2f34a6b4f515f33767d6207b7d4b3.js?body=1" for ::1 at 2015-12-14 10:23:16 -0700


Started GET "/assets/application.self-377610cd7c1509e934744c810e3b4cf672dfbcacac3274e7d039827e2ae0fcc7.js?body=1" for ::1 at 2015-12-14 10:23:16 -0700


Started GET "/auth/twitter" for ::1 at 2015-12-14 10:24:07 -0700


Started GET "/auth/twitter/callback?oauth_token=v60sxwAAAAAAjOxsAAABUaGFTiI&oauth_verifier=ChcePHZHwri8836TMCpjeoeeKD4Tq7ro" for ::1 at 2015-12-14 10:24:09 -0700
Processing by SessionsController#create as HTML
  Parameters: {"oauth_token"=>"v60sxwAAAAAAjOxsAAABUaGFTiI", "oauth_verifier"=>"ChcePHZHwri8836TMCpjeoeeKD4Tq7ro"}
  [1m[35mUser Load (0.4ms)[0m  SELECT  "users".* FROM "users" WHERE "users"."uid" = $1  ORDER BY "users"."id" ASC LIMIT 1  [["uid", "3338474240"]]
Redirected to http://localhost:3000/
Completed 302 Found in 2ms (ActiveRecord: 0.4ms)


Started GET "/" for ::1 at 2015-12-14 10:24:10 -0700
Processing by WelcomeController#index as HTML
  [1m[36mUser Load (0.3ms)[0m  [1mSELECT  "users".* FROM "users" WHERE "users"."id" = $1 LIMIT 1[0m  [["id", 1]]
  Rendered welcome/index.html.erb within layouts/application (1.6ms)
Completed 200 OK in 31ms (Views: 30.5ms | ActiveRecord: 0.3ms)


Started GET "/logout" for ::1 at 2015-12-14 10:24:17 -0700
Processing by SessionsController#destroy as HTML
Redirected to http://localhost:3000/auth/twitter
Completed 302 Found in 1ms (ActiveRecord: 0.0ms)


Started GET "/auth/twitter" for ::1 at 2015-12-14 10:24:17 -0700


Started GET "/auth/twitter/callback?oauth_token=DZufqQAAAAAAjOxsAAABUaGFchU&oauth_verifier=7NrXsYf0ASP4kLxbjRpO7XS6aig525CU" for ::1 at 2015-12-14 10:24:18 -0700
Processing by SessionsController#create as HTML
  Parameters: {"oauth_token"=>"DZufqQAAAAAAjOxsAAABUaGFchU", "oauth_verifier"=>"7NrXsYf0ASP4kLxbjRpO7XS6aig525CU"}
  [1m[35mUser Load (0.4ms)[0m  SELECT  "users".* FROM "users" WHERE "users"."uid" = $1  ORDER BY "users"."id" ASC LIMIT 1  [["uid", "3338474240"]]
Redirected to http://localhost:3000/
Completed 302 Found in 3ms (ActiveRecord: 0.4ms)


Started GET "/" for ::1 at 2015-12-14 10:24:19 -0700
Processing by WelcomeController#index as HTML
  [1m[36mUser Load (0.3ms)[0m  [1mSELECT  "users".* FROM "users" WHERE "users"."id" = $1 LIMIT 1[0m  [["id", 1]]
  Rendered welcome/index.html.erb within layouts/application (1.3ms)
Completed 200 OK in 30ms (Views: 29.2ms | ActiveRecord: 0.3ms)


Started GET "/logout" for ::1 at 2015-12-14 10:25:01 -0700
Processing by SessionsController#destroy as HTML
Redirected to http://localhost:3000/auth/twitter
Completed 302 Found in 1ms (ActiveRecord: 0.0ms)


Started GET "/auth/twitter" for ::1 at 2015-12-14 10:25:01 -0700


Started GET "/auth/twitter/callback?oauth_token=cDDluQAAAAAAjOxsAAABUaGGI3Q&oauth_verifier=brYyFHafO3J7QEuJt8bpbqIyLcerslHT" for ::1 at 2015-12-14 10:25:03 -0700
Processing by SessionsController#create as HTML
  Parameters: {"oauth_token"=>"cDDluQAAAAAAjOxsAAABUaGGI3Q", "oauth_verifier"=>"brYyFHafO3J7QEuJt8bpbqIyLcerslHT"}
  [1m[35mUser Load (0.3ms)[0m  SELECT  "users".* FROM "users" WHERE "users"."uid" = $1  ORDER BY "users"."id" ASC LIMIT 1  [["uid", "3338474240"]]
Redirected to http://localhost:3000/
Completed 302 Found in 2ms (ActiveRecord: 0.3ms)


Started GET "/" for ::1 at 2015-12-14 10:25:04 -0700
Processing by WelcomeController#index as HTML
  [1m[36mUser Load (0.3ms)[0m  [1mSELECT  "users".* FROM "users" WHERE "users"."id" = $1 LIMIT 1[0m  [["id", 1]]
  Rendered welcome/index.html.erb within layouts/application (1.9ms)
Completed 200 OK in 42ms (Views: 41.1ms | ActiveRecord: 0.3ms)


Started GET "/" for ::1 at 2015-12-14 10:25:39 -0700
Processing by WelcomeController#index as HTML
  [1m[35mUser Load (0.3ms)[0m  SELECT  "users".* FROM "users" WHERE "users"."id" = $1 LIMIT 1  [["id", 1]]
  Rendered welcome/index.html.erb within layouts/application (11.1ms)
Completed 200 OK in 50ms (Views: 46.2ms | ActiveRecord: 3.3ms)


Started GET "/assets/jquery.self-a714331225dda820228db323939889f149aec0127aeb06255646b616ba1ca419.js?body=1" for ::1 at 2015-12-14 10:25:39 -0700


Started GET "/assets/jquery_ujs.self-d456baa54c1fa6be2ec3711f0a72ddf7a5b2f34a6b4f515f33767d6207b7d4b3.js?body=1" for ::1 at 2015-12-14 10:25:39 -0700


Started GET "/assets/application.self-e80e8f2318043e8af94dddc2adad5a4f09739a8ebb323b3ab31cd71d45fd9113.css?body=1" for ::1 at 2015-12-14 10:25:39 -0700


Started GET "/assets/application.self-377610cd7c1509e934744c810e3b4cf672dfbcacac3274e7d039827e2ae0fcc7.js?body=1" for ::1 at 2015-12-14 10:25:39 -0700


Started GET "/logout" for ::1 at 2015-12-14 10:25:42 -0700
Processing by SessionsController#destroy as HTML
Completed 500 Internal Server Error in 9ms (ActiveRecord: 0.0ms)

ActionView::MissingTemplate (Missing template sessions/destroy, application/destroy with {:locale=>[:en], :formats=>[:html], :variants=>[], :handlers=>[:erb, :builder, :raw, :ruby, :coffee, :jbuilder]}. Searched in:
  * "/Users/sekharpaladugu/code/projects/oauth-workshop/app/views"
):
  actionview (4.2.4) lib/action_view/path_set.rb:46:in `find'
  actionview (4.2.4) lib/action_view/lookup_context.rb:121:in `find'
  actionview (4.2.4) lib/action_view/renderer/abstract_renderer.rb:18:in `find_template'
  actionview (4.2.4) lib/action_view/renderer/template_renderer.rb:40:in `determine_template'
  actionview (4.2.4) lib/action_view/renderer/template_renderer.rb:8:in `render'
  actionview (4.2.4) lib/action_view/renderer/renderer.rb:42:in `render_template'
  actionview (4.2.4) lib/action_view/renderer/renderer.rb:23:in `render'
  actionview (4.2.4) lib/action_view/rendering.rb:100:in `_render_template'
  actionpack (4.2.4) lib/action_controller/metal/streaming.rb:217:in `_render_template'
  actionview (4.2.4) lib/action_view/rendering.rb:83:in `render_to_body'
  actionpack (4.2.4) lib/action_controller/metal/rendering.rb:32:in `render_to_body'
  actionpack (4.2.4) lib/action_controller/metal/renderers.rb:37:in `render_to_body'
  actionpack (4.2.4) lib/abstract_controller/rendering.rb:25:in `render'
  actionpack (4.2.4) lib/action_controller/metal/rendering.rb:16:in `render'
  actionpack (4.2.4) lib/action_controller/metal/instrumentation.rb:44:in `block (2 levels) in render'
  activesupport (4.2.4) lib/active_support/core_ext/benchmark.rb:12:in `block in ms'
  /Users/sekharpaladugu/.rubies/ruby-2.2.2/lib/ruby/2.2.0/benchmark.rb:303:in `realtime'
  activesupport (4.2.4) lib/active_support/core_ext/benchmark.rb:12:in `ms'
  actionpack (4.2.4) lib/action_controller/metal/instrumentation.rb:44:in `block in render'
  actionpack (4.2.4) lib/action_controller/metal/instrumentation.rb:87:in `cleanup_view_runtime'
  activerecord (4.2.4) lib/active_record/railties/controller_runtime.rb:25:in `cleanup_view_runtime'
  actionpack (4.2.4) lib/action_controller/metal/instrumentation.rb:43:in `render'
  actionpack (4.2.4) lib/action_controller/metal/implicit_render.rb:10:in `default_render'
  actionpack (4.2.4) lib/action_controller/metal/implicit_render.rb:5:in `send_action'
  actionpack (4.2.4) lib/abstract_controller/base.rb:198:in `process_action'
  actionpack (4.2.4) lib/action_controller/metal/rendering.rb:10:in `process_action'
  actionpack (4.2.4) lib/abstract_controller/callbacks.rb:20:in `block in process_action'
  activesupport (4.2.4) lib/active_support/callbacks.rb:117:in `call'
  activesupport (4.2.4) lib/active_support/callbacks.rb:117:in `call'
  activesupport (4.2.4) lib/active_support/callbacks.rb:555:in `block (2 levels) in compile'
  activesupport (4.2.4) lib/active_support/callbacks.rb:505:in `call'
  activesupport (4.2.4) lib/active_support/callbacks.rb:505:in `call'
  activesupport (4.2.4) lib/active_support/callbacks.rb:92:in `__run_callbacks__'
  activesupport (4.2.4) lib/active_support/callbacks.rb:778:in `_run_process_action_callbacks'
  activesupport (4.2.4) lib/active_support/callbacks.rb:81:in `run_callbacks'
  actionpack (4.2.4) lib/abstract_controller/callbacks.rb:19:in `process_action'
  actionpack (4.2.4) lib/action_controller/metal/rescue.rb:29:in `process_action'
  actionpack (4.2.4) lib/action_controller/metal/instrumentation.rb:32:in `block in process_action'
  activesupport (4.2.4) lib/active_support/notifications.rb:164:in `block in instrument'
  activesupport (4.2.4) lib/active_support/notifications/instrumenter.rb:20:in `instrument'
  activesupport (4.2.4) lib/active_support/notifications.rb:164:in `instrument'
  actionpack (4.2.4) lib/action_controller/metal/instrumentation.rb:30:in `process_action'
  actionpack (4.2.4) lib/action_controller/metal/params_wrapper.rb:250:in `process_action'
  activerecord (4.2.4) lib/active_record/railties/controller_runtime.rb:18:in `process_action'
  actionpack (4.2.4) lib/abstract_controller/base.rb:137:in `process'
  actionview (4.2.4) lib/action_view/rendering.rb:30:in `process'
  actionpack (4.2.4) lib/action_controller/metal.rb:196:in `dispatch'
  actionpack (4.2.4) lib/action_controller/metal/rack_delegation.rb:13:in `dispatch'
  actionpack (4.2.4) lib/action_controller/metal.rb:237:in `block in action'
  actionpack (4.2.4) lib/action_dispatch/routing/route_set.rb:76:in `call'
  actionpack (4.2.4) lib/action_dispatch/routing/route_set.rb:76:in `dispatch'
  actionpack (4.2.4) lib/action_dispatch/routing/route_set.rb:45:in `serve'
  actionpack (4.2.4) lib/action_dispatch/journey/router.rb:43:in `block in serve'
  actionpack (4.2.4) lib/action_dispatch/journey/router.rb:30:in `each'
  actionpack (4.2.4) lib/action_dispatch/journey/router.rb:30:in `serve'
  actionpack (4.2.4) lib/action_dispatch/routing/route_set.rb:821:in `call'
  omniauth (1.2.2) lib/omniauth/strategy.rb:186:in `call!'
  omniauth (1.2.2) lib/omniauth/strategy.rb:164:in `call'
  omniauth (1.2.2) lib/omniauth/builder.rb:59:in `call'
  rack (1.6.4) lib/rack/etag.rb:24:in `call'
  rack (1.6.4) lib/rack/conditionalget.rb:25:in `call'
  rack (1.6.4) lib/rack/head.rb:13:in `call'
  actionpack (4.2.4) lib/action_dispatch/middleware/params_parser.rb:27:in `call'
  actionpack (4.2.4) lib/action_dispatch/middleware/flash.rb:260:in `call'
  rack (1.6.4) lib/rack/session/abstract/id.rb:225:in `context'
  rack (1.6.4) lib/rack/session/abstract/id.rb:220:in `call'
  actionpack (4.2.4) lib/action_dispatch/middleware/cookies.rb:560:in `call'
  activerecord (4.2.4) lib/active_record/query_cache.rb:36:in `call'
  activerecord (4.2.4) lib/active_record/connection_adapters/abstract/connection_pool.rb:653:in `call'
  activerecord (4.2.4) lib/active_record/migration.rb:377:in `call'
  actionpack (4.2.4) lib/action_dispatch/middleware/callbacks.rb:29:in `block in call'
  activesupport (4.2.4) lib/active_support/callbacks.rb:88:in `__run_callbacks__'
  activesupport (4.2.4) lib/active_support/callbacks.rb:778:in `_run_call_callbacks'
  activesupport (4.2.4) lib/active_support/callbacks.rb:81:in `run_callbacks'
  actionpack (4.2.4) lib/action_dispatch/middleware/callbacks.rb:27:in `call'
  actionpack (4.2.4) lib/action_dispatch/middleware/reloader.rb:73:in `call'
  actionpack (4.2.4) lib/action_dispatch/middleware/remote_ip.rb:78:in `call'
  actionpack (4.2.4) lib/action_dispatch/middleware/debug_exceptions.rb:17:in `call'
  web-console (2.2.1) lib/web_console/middleware.rb:39:in `call'
  actionpack (4.2.4) lib/action_dispatch/middleware/show_exceptions.rb:30:in `call'
  railties (4.2.4) lib/rails/rack/logger.rb:38:in `call_app'
  railties (4.2.4) lib/rails/rack/logger.rb:20:in `block in call'
  activesupport (4.2.4) lib/active_support/tagged_logging.rb:68:in `block in tagged'
  activesupport (4.2.4) lib/active_support/tagged_logging.rb:26:in `tagged'
  activesupport (4.2.4) lib/active_support/tagged_logging.rb:68:in `tagged'
  railties (4.2.4) lib/rails/rack/logger.rb:20:in `call'
  actionpack (4.2.4) lib/action_dispatch/middleware/request_id.rb:21:in `call'
  rack (1.6.4) lib/rack/methodoverride.rb:22:in `call'
  rack (1.6.4) lib/rack/runtime.rb:18:in `call'
  activesupport (4.2.4) lib/active_support/cache/strategy/local_cache_middleware.rb:28:in `call'
  rack (1.6.4) lib/rack/lock.rb:17:in `call'
  actionpack (4.2.4) lib/action_dispatch/middleware/static.rb:116:in `call'
  rack (1.6.4) lib/rack/sendfile.rb:113:in `call'
  railties (4.2.4) lib/rails/engine.rb:518:in `call'
  railties (4.2.4) lib/rails/application.rb:165:in `call'
  rack (1.6.4) lib/rack/lock.rb:17:in `call'
  rack (1.6.4) lib/rack/content_length.rb:15:in `call'
  rack (1.6.4) lib/rack/handler/webrick.rb:88:in `service'
  /Users/sekharpaladugu/.rubies/ruby-2.2.2/lib/ruby/2.2.0/webrick/httpserver.rb:138:in `service'
  /Users/sekharpaladugu/.rubies/ruby-2.2.2/lib/ruby/2.2.0/webrick/httpserver.rb:94:in `run'
  /Users/sekharpaladugu/.rubies/ruby-2.2.2/lib/ruby/2.2.0/webrick/server.rb:294:in `block in start_thread'


  Rendered /Users/sekharpaladugu/.gem/ruby/2.2.2/gems/actionpack-4.2.4/lib/action_dispatch/middleware/templates/rescues/_source.erb (5.6ms)
  Rendered /Users/sekharpaladugu/.gem/ruby/2.2.2/gems/actionpack-4.2.4/lib/action_dispatch/middleware/templates/rescues/_trace.html.erb (3.0ms)
  Rendered /Users/sekharpaladugu/.gem/ruby/2.2.2/gems/actionpack-4.2.4/lib/action_dispatch/middleware/templates/rescues/_request_and_response.html.erb (1.0ms)
  Rendered /Users/sekharpaladugu/.gem/ruby/2.2.2/gems/actionpack-4.2.4/lib/action_dispatch/middleware/templates/rescues/missing_template.html.erb within rescues/layout (66.6ms)
  Rendered /Users/sekharpaladugu/.gem/ruby/2.2.2/gems/web-console-2.2.1/lib/web_console/templates/_markup.html.erb (0.4ms)
  Rendered /Users/sekharpaladugu/.gem/ruby/2.2.2/gems/web-console-2.2.1/lib/web_console/templates/_inner_console_markup.html.erb within layouts/inlined_string (0.4ms)
  Rendered /Users/sekharpaladugu/.gem/ruby/2.2.2/gems/web-console-2.2.1/lib/web_console/templates/_prompt_box_markup.html.erb within layouts/inlined_string (0.6ms)
  Rendered /Users/sekharpaladugu/.gem/ruby/2.2.2/gems/web-console-2.2.1/lib/web_console/templates/style.css.erb within layouts/inlined_string (0.5ms)
  Rendered /Users/sekharpaladugu/.gem/ruby/2.2.2/gems/web-console-2.2.1/lib/web_console/templates/console.js.erb within layouts/javascript (58.4ms)
  Rendered /Users/sekharpaladugu/.gem/ruby/2.2.2/gems/web-console-2.2.1/lib/web_console/templates/main.js.erb within layouts/javascript (0.5ms)
  Rendered /Users/sekharpaladugu/.gem/ruby/2.2.2/gems/web-console-2.2.1/lib/web_console/templates/error_page.js.erb within layouts/javascript (0.4ms)
  Rendered /Users/sekharpaladugu/.gem/ruby/2.2.2/gems/web-console-2.2.1/lib/web_console/templates/index.html.erb (130.6ms)


Started GET "/logout" for ::1 at 2015-12-14 10:25:51 -0700
Processing by SessionsController#destroy as HTML
Redirected to http://localhost:3000/
Completed 302 Found in 1ms (ActiveRecord: 0.0ms)


Started GET "/" for ::1 at 2015-12-14 10:25:51 -0700
Processing by WelcomeController#index as HTML
  Rendered welcome/index.html.erb within layouts/application (0.5ms)
Completed 200 OK in 33ms (Views: 33.2ms | ActiveRecord: 0.0ms)


Started GET "/assets/application.self-e80e8f2318043e8af94dddc2adad5a4f09739a8ebb323b3ab31cd71d45fd9113.css?body=1" for ::1 at 2015-12-14 10:25:51 -0700


Started GET "/assets/jquery_ujs.self-d456baa54c1fa6be2ec3711f0a72ddf7a5b2f34a6b4f515f33767d6207b7d4b3.js?body=1" for ::1 at 2015-12-14 10:25:51 -0700


Started GET "/assets/jquery.self-a714331225dda820228db323939889f149aec0127aeb06255646b616ba1ca419.js?body=1" for ::1 at 2015-12-14 10:25:51 -0700


Started GET "/assets/application.self-377610cd7c1509e934744c810e3b4cf672dfbcacac3274e7d039827e2ae0fcc7.js?body=1" for ::1 at 2015-12-14 10:25:51 -0700


Started GET "/auth/twitter" for ::1 at 2015-12-14 10:25:53 -0700


Started GET "/auth/twitter/callback?oauth_token=FVrQRAAAAAAAjOxsAAABUaGG6w8&oauth_verifier=hS8IAaaBfCOr0ewfbuNVascpgt2gIZBv" for ::1 at 2015-12-14 10:25:54 -0700
Processing by SessionsController#create as HTML
  Parameters: {"oauth_token"=>"FVrQRAAAAAAAjOxsAAABUaGG6w8", "oauth_verifier"=>"hS8IAaaBfCOr0ewfbuNVascpgt2gIZBv"}
  [1m[36mUser Load (0.2ms)[0m  [1mSELECT  "users".* FROM "users" WHERE "users"."uid" = $1  ORDER BY "users"."id" ASC LIMIT 1[0m  [["uid", "3338474240"]]
Redirected to http://localhost:3000/
Completed 302 Found in 14ms (ActiveRecord: 3.9ms)


Started GET "/" for ::1 at 2015-12-14 10:25:56 -0700
Processing by WelcomeController#index as HTML
  [1m[35mUser Load (0.3ms)[0m  SELECT  "users".* FROM "users" WHERE "users"."id" = $1 LIMIT 1  [["id", 1]]
  Rendered welcome/index.html.erb within layouts/application (2.1ms)
Completed 200 OK in 37ms (Views: 36.7ms | ActiveRecord: 0.3ms)


Started GET "/logout" for ::1 at 2015-12-14 10:26:00 -0700
Processing by SessionsController#destroy as HTML
Redirected to http://localhost:3000/
Completed 302 Found in 1ms (ActiveRecord: 0.0ms)


Started GET "/" for ::1 at 2015-12-14 10:26:00 -0700
Processing by WelcomeController#index as HTML
  Rendered welcome/index.html.erb within layouts/application (0.7ms)
Completed 200 OK in 29ms (Views: 28.9ms | ActiveRecord: 0.0ms)


Started GET "/" for ::1 at 2015-12-14 13:43:03 -0700
  [1m[36mActiveRecord::SchemaMigration Load (33.6ms)[0m  [1mSELECT "schema_migrations".* FROM "schema_migrations"[0m
Processing by WelcomeController#index as HTML
  Rendered welcome/index.html.erb within layouts/application (24.0ms)
Completed 200 OK in 239ms (Views: 238.8ms | ActiveRecord: 0.0ms)


Started GET "/assets/application.self-e80e8f2318043e8af94dddc2adad5a4f09739a8ebb323b3ab31cd71d45fd9113.css?body=1" for ::1 at 2015-12-14 13:43:05 -0700


Started GET "/assets/jquery.self-a714331225dda820228db323939889f149aec0127aeb06255646b616ba1ca419.js?body=1" for ::1 at 2015-12-14 13:43:05 -0700


Started GET "/assets/application.self-377610cd7c1509e934744c810e3b4cf672dfbcacac3274e7d039827e2ae0fcc7.js?body=1" for ::1 at 2015-12-14 13:43:05 -0700


Started GET "/assets/jquery_ujs.self-d456baa54c1fa6be2ec3711f0a72ddf7a5b2f34a6b4f515f33767d6207b7d4b3.js?body=1" for ::1 at 2015-12-14 13:43:05 -0700


Started GET "/auth/twitter" for ::1 at 2015-12-14 13:43:08 -0700


Started GET "/auth/twitter/callback?oauth_token=dJL7_AAAAAAAjOxsAAABUaI7hNc&oauth_verifier=MzpmO2wf4F8TQkhgghLoqiY9ZLBmGPNo" for ::1 at 2015-12-14 13:43:09 -0700
Processing by SessionsController#create as HTML
  Parameters: {"oauth_token"=>"dJL7_AAAAAAAjOxsAAABUaI7hNc", "oauth_verifier"=>"MzpmO2wf4F8TQkhgghLoqiY9ZLBmGPNo"}
  [1m[35mUser Load (35.3ms)[0m  SELECT  "users".* FROM "users" WHERE "users"."uid" = $1  ORDER BY "users"."id" ASC LIMIT 1  [["uid", "3338474240"]]
Redirected to http://localhost:3000/
Completed 302 Found in 249ms (ActiveRecord: 193.9ms)


Started GET "/" for ::1 at 2015-12-14 13:43:11 -0700
Processing by WelcomeController#index as HTML
  [1m[36mUser Load (0.3ms)[0m  [1mSELECT  "users".* FROM "users" WHERE "users"."id" = $1 LIMIT 1[0m  [["id", 1]]
  Rendered welcome/index.html.erb within layouts/application (6.6ms)
Completed 200 OK in 37ms (Views: 36.4ms | ActiveRecord: 0.3ms)


Started GET "/logout" for ::1 at 2015-12-14 13:43:15 -0700
Processing by SessionsController#destroy as HTML
Redirected to http://localhost:3000/
Completed 302 Found in 2ms (ActiveRecord: 0.0ms)


Started GET "/" for ::1 at 2015-12-14 13:43:15 -0700
Processing by WelcomeController#index as HTML
  Rendered welcome/index.html.erb within layouts/application (1.1ms)
Completed 200 OK in 45ms (Views: 44.6ms | ActiveRecord: 0.0ms)
